<?xml version="1.0" encoding="UTF-8"?>
<!-- Generated by org.testng.reporters.JUnitReportReporter -->
<testsuite hostname="DESKTOP-7155NU9" failures="0" tests="1" name="com.AI.tests.NopCommerceTest" time="11.332" errors="0" timestamp="2023-01-14T17:57:25 IST" skipped="0">
  <testcase classname="com.AI.tests.NopCommerceTest" name="ncloginTest" time="11.332"/>
  <system-out/>
</testsuite> <!-- com.AI.tests.NopCommerceTest -->
