<?xml version="1.0" encoding="UTF-8"?>
<!-- Generated by org.testng.reporters.JUnitReportReporter -->
<testsuite hostname="DESKTOP-7155NU9" failures="0" tests="1" name="com.AI.tests.TechieDelightTest" time="86.211" errors="0" timestamp="2023-01-13T15:59:07 IST" skipped="0">
  <testcase classname="com.AI.tests.TechieDelightTest" name="getalllinks" time="86.211"/>
  <system-out/>
</testsuite> <!-- com.AI.tests.TechieDelightTest -->
